2020.12.18 17:36:24 INFO  Started: Metals version 0.9.7 in workspace '/Users/billlasley/Documents/GitHub/lila-ws' for client vscode.
2020.12.18 17:36:26 INFO  time: initialize in 1.62s
2020.12.18 17:36:27 WARN  Build server is not auto-connectable.
2020.12.18 17:36:32 INFO  running '/Library/Java/JavaVirtualMachines/adoptopenjdk-11.jdk/Contents/Home/bin/java -Djline.terminal=jline.UnsupportedTerminal -Dsbt.log.noformat=true -Dfile.encoding=UTF-8 -jar /var/folders/4x/6k96kzwx6wgdvzx2zfvspsnw0000gn/T/metals16456577388239634789/sbt-launch.jar -Dbloop.export-jar-classifiers=sources bloopInstall'
2020.12.18 17:36:32 WARN  no build target for: /Users/billlasley/Documents/GitHub/lila-ws/project/metals.sbt
2020.12.18 17:36:32 WARN  no build target for: /Users/billlasley/Documents/GitHub/lila-ws/project/project/metals.sbt
2020.12.18 17:36:32 INFO  skipping build import with status 'Started'
2020.12.18 17:36:32 ERROR [info] waiting for lock on /Users/billlasley/.sbt/boot/sbt.boot.lock to be available...
2020.12.18 17:36:42 INFO  [info] welcome to sbt 1.4.5 (AdoptOpenJDK Java 11.0.9.1)
2020.12.18 17:36:44 INFO  [info] loading settings for project lila-ws-build-build-build from metals.sbt ...
2020.12.18 17:36:44 INFO  [info] loading project definition from /Users/billlasley/Documents/GitHub/lila-ws/project/project/project
2020.12.18 17:36:47 INFO  [info] loading settings for project lila-ws-build-build from metals.sbt ...
2020.12.18 17:36:47 INFO  [info] loading project definition from /Users/billlasley/Documents/GitHub/lila-ws/project/project
2020.12.18 17:36:48 INFO  [success] Generated .bloop/lila-ws-build-build.json
2020.12.18 17:36:48 INFO  [success] Total time: 1 s, completed Dec 18, 2020, 5:36:48 PM
2020.12.18 17:36:48 INFO  [info] loading settings for project lila-ws-build from metals.sbt,plugins.sbt ...
2020.12.18 17:36:48 INFO  [info] loading project definition from /Users/billlasley/Documents/GitHub/lila-ws/project
2020.12.18 17:37:00 INFO  [success] Generated .bloop/lila-ws-build.json
2020.12.18 17:37:00 INFO  [success] Total time: 12 s, completed Dec 18, 2020, 5:37:00 PM
2020.12.18 17:37:02 INFO  [info] loading settings for project lila-ws from build.sbt ...
2020.12.18 17:37:02 INFO  [info] set current project to lila-ws (in build file:/Users/billlasley/Documents/GitHub/lila-ws/)
2020.12.18 17:37:05 INFO  [warn] There may be incompatibilities among your library dependencies; run 'evicted' to see detailed eviction warnings.
2020.12.18 17:37:06 INFO  [warn] There may be incompatibilities among your library dependencies; run 'evicted' to see detailed eviction warnings.
2020.12.18 17:37:06 INFO  [success] Generated .bloop/lila-ws-test.json
2020.12.18 17:37:06 INFO  [success] Generated .bloop/lila-ws.json
2020.12.18 17:37:06 INFO  [success] Total time: 4 s, completed Dec 18, 2020, 5:37:06 PM
2020.12.18 17:37:06 INFO  sbt bloopInstall exit: 0
2020.12.18 17:37:06 INFO  time: ran 'sbt bloopInstall' in 34s
2020.12.18 17:37:06 INFO  Attempting to connect to the build server...
Starting the bsp launcher for bloop...
Opening a bsp server connection with 'bsp --protocol local --socket /var/folders/4x/6k96kzwx6wgdvzx2zfvspsnw0000gn/T/bsp-launcher13695312006290725374/bsp.socket'...
Waiting for the bsp connection to come up...
[0m[32m[D][0m Loading 2 projects from '/Users/billlasley/Documents/GitHub/lila-ws/.bloop'...
[0m[32m[D][0m Loading project from '/Users/billlasley/Documents/GitHub/lila-ws/.bloop/lila-ws-test.json'
[0m[32m[D][0m Loading project from '/Users/billlasley/Documents/GitHub/lila-ws/.bloop/lila-ws.json'
[0m[32m[D][0m Missing analysis file for project 'lila-ws-test'
[0m[32m[D][0m Missing analysis file for project 'lila-ws'
[0m[32m[D][0m Waiting for a connection at local:///var/folders/4x/6k96kzwx6wgdvzx2zfvspsnw0000gn/T/bsp-launcher13695312006290725374/bsp.socket...
The server is listening for incoming connections at local:///var/folders/4x/6k96kzwx6wgdvzx2zfvspsnw0000gn/T/bsp-launcher13695312006290725374/bsp.socket...
Starting thread that pumps stdin and redirects it to the bsp server...
Starting thread that pumps server stdout and redirects it to the client stdout...
2020.12.18 17:37:06 INFO  tracing is disabled for protocol BSP, to enable tracing of incoming and outgoing JSON messages create an empty file at /Users/billlasley/Library/Caches/org.scalameta.metals/bsp.trace.json
2020.12.18 17:37:06 INFO  Attempting to connect to the build server...
Starting the bsp launcher for bloop...
2020.12.18 17:37:06 INFO  Attempting to connect to the build server...
Opening a bsp server connection with 'bsp --protocol local --socket /var/folders/4x/6k96kzwx6wgdvzx2zfvspsnw0000gn/T/bsp-launcher17932875695394066774/bsp.socket'...
Waiting for the bsp connection to come up...
Starting the bsp launcher for bloop...
Opening a bsp server connection with 'bsp --protocol local --socket /var/folders/4x/6k96kzwx6wgdvzx2zfvspsnw0000gn/T/bsp-launcher1070189834617399887/bsp.socket'...
Waiting for the bsp connection to come up...
[0m[32m[D][0m Loading workspace settings from bloop.settings.json
[0m[32m[D][0m Waiting for a connection at local:///var/folders/4x/6k96kzwx6wgdvzx2zfvspsnw0000gn/T/bsp-launcher1070189834617399887/bsp.socket...
The server is listening for incoming connections at local:///var/folders/4x/6k96kzwx6wgdvzx2zfvspsnw0000gn/T/bsp-launcher1070189834617399887/bsp.socket...
[0m[32m[D][0m Loading workspace settings from bloop.settings.json
[0m[32m[D][0m Waiting for a connection at local:///var/folders/4x/6k96kzwx6wgdvzx2zfvspsnw0000gn/T/bsp-launcher17932875695394066774/bsp.socket...
The server is listening for incoming connections at local:///var/folders/4x/6k96kzwx6wgdvzx2zfvspsnw0000gn/T/bsp-launcher17932875695394066774/bsp.socket...
Starting thread that pumps stdin and redirects it to the bsp server...
Starting thread that pumps stdin and redirects it to the bsp server...
Starting thread that pumps server stdout and redirects it to the client stdout...
Starting thread that pumps server stdout and redirects it to the client stdout...
2020.12.18 17:37:06 INFO  tracing is disabled for protocol BSP, to enable tracing of incoming and outgoing JSON messages create an empty file at /Users/billlasley/Library/Caches/org.scalameta.metals/bsp.trace.json
2020.12.18 17:37:06 INFO  tracing is disabled for protocol BSP, to enable tracing of incoming and outgoing JSON messages create an empty file at /Users/billlasley/Library/Caches/org.scalameta.metals/bsp.trace.json
2020.12.18 17:37:06 INFO  time: connected to build server in 0.2s
2020.12.18 17:37:06 INFO  Connected to Build server v1.4.5-6-4768184c
2020.12.18 17:37:11 INFO  time: indexed workspace in 4.52s
Dec 18, 2020 5:39:03 PM org.eclipse.lsp4j.jsonrpc.services.GenericEndpoint notify
INFO: Unsupported notification method: $/setTraceNotification
Dec 18, 2020 5:39:08 PM org.eclipse.lsp4j.jsonrpc.services.GenericEndpoint notify
INFO: Unsupported notification method: $/setTraceNotification
Dec 18, 2020 5:39:08 PM org.eclipse.lsp4j.jsonrpc.services.GenericEndpoint notify
INFO: Unsupported notification method: $/setTraceNotification
Dec 18, 2020 5:39:08 PM org.eclipse.lsp4j.jsonrpc.services.GenericEndpoint notify
INFO: Unsupported notification method: $/setTraceNotification
Dec 18, 2020 5:42:41 PM org.eclipse.lsp4j.jsonrpc.services.GenericEndpoint notify
INFO: Unsupported notification method: $/setTraceNotification
Dec 18, 2020 5:43:10 PM org.eclipse.lsp4j.jsonrpc.services.GenericEndpoint notify
INFO: Unsupported notification method: $/setTraceNotification
2020.12.18 18:00:04 INFO  shutting down Metals
2020.12.18 18:00:04 INFO  Shut down connection with build server.
2020.12.18 18:00:04 INFO  Shut down connection with build server.
2020.12.18 18:00:04 INFO  Shut down connection with build server.
No more data in the server stdin, exiting...
No more data in the server stdin, exiting...
No more data in the client stdin, exiting...
No more data in the client stdin, exiting...
No more data in the server stdin, exiting...
No more data in the server stdin, exiting...
No more data in the server stdin, exiting...
No more data in the server stdin, exiting...
No more data in the client stdin, exiting...
2020.12.18 20:01:12 INFO  Started: Metals version 0.9.7 in workspace '/Users/billlasley/Documents/GitHub/lila-ws' for client vscode.
2020.12.18 20:01:16 INFO  time: initialize in 3.7s
2020.12.18 20:01:17 INFO  Attempting to connect to the build server...
Starting the bsp launcher for bloop...
Opening a bsp server connection with 'bsp --protocol local --socket /var/folders/4x/6k96kzwx6wgdvzx2zfvspsnw0000gn/T/bsp-launcher15376790598694689324/bsp.socket'...
Waiting for the bsp connection to come up...
[0m[32m[D][0m Loading workspace settings from bloop.settings.json
[0m[32m[D][0m Waiting for a connection at local:///var/folders/4x/6k96kzwx6wgdvzx2zfvspsnw0000gn/T/bsp-launcher15376790598694689324/bsp.socket...
The server is listening for incoming connections at local:///var/folders/4x/6k96kzwx6wgdvzx2zfvspsnw0000gn/T/bsp-launcher15376790598694689324/bsp.socket...
2020.12.18 20:01:17 INFO  skipping build import with status 'Installed'
Starting thread that pumps stdin and redirects it to the bsp server...
Starting thread that pumps server stdout and redirects it to the client stdout...
2020.12.18 20:01:17 INFO  tracing is disabled for protocol BSP, to enable tracing of incoming and outgoing JSON messages create an empty file at /Users/billlasley/Library/Caches/org.scalameta.metals/bsp.trace.json
2020.12.18 20:01:17 INFO  Attempting to connect to the build server...
Starting the bsp launcher for bloop...
Opening a bsp server connection with 'bsp --protocol local --socket /var/folders/4x/6k96kzwx6wgdvzx2zfvspsnw0000gn/T/bsp-launcher8013059024371762/bsp.socket'...
2020.12.18 20:01:17 INFO  Attempting to connect to the build server...
Waiting for the bsp connection to come up...
Starting the bsp launcher for bloop...
Opening a bsp server connection with 'bsp --protocol local --socket /var/folders/4x/6k96kzwx6wgdvzx2zfvspsnw0000gn/T/bsp-launcher5450687916536082382/bsp.socket'...
Waiting for the bsp connection to come up...
[0m[32m[D][0m Loading workspace settings from bloop.settings.json
[0m[32m[D][0m Waiting for a connection at local:///var/folders/4x/6k96kzwx6wgdvzx2zfvspsnw0000gn/T/bsp-launcher5450687916536082382/bsp.socket...
The server is listening for incoming connections at local:///var/folders/4x/6k96kzwx6wgdvzx2zfvspsnw0000gn/T/bsp-launcher5450687916536082382/bsp.socket...
Starting thread that pumps stdin and redirects it to the bsp server...
Starting thread that pumps server stdout and redirects it to the client stdout...
[0m[32m[D][0m Loading workspace settings from bloop.settings.json
[0m[32m[D][0m Waiting for a connection at local:///var/folders/4x/6k96kzwx6wgdvzx2zfvspsnw0000gn/T/bsp-launcher8013059024371762/bsp.socket...
The server is listening for incoming connections at local:///var/folders/4x/6k96kzwx6wgdvzx2zfvspsnw0000gn/T/bsp-launcher8013059024371762/bsp.socket...2020.12.18 20:01:17 INFO  tracing is disabled for protocol BSP, to enable tracing of incoming and outgoing JSON messages create an empty file at /Users/billlasley/Library/Caches/org.scalameta.metals/bsp.trace.json

Starting thread that pumps stdin and redirects it to the bsp server...
Starting thread that pumps server stdout and redirects it to the client stdout...
2020.12.18 20:01:17 INFO  tracing is disabled for protocol BSP, to enable tracing of incoming and outgoing JSON messages create an empty file at /Users/billlasley/Library/Caches/org.scalameta.metals/bsp.trace.json
2020.12.18 20:01:17 INFO  time: connected to build server in 0.39s
2020.12.18 20:01:17 INFO  Connected to Build server v1.4.5-6-4768184c
2020.12.18 20:01:27 INFO  time: indexed workspace in 9.75s
Dec 18, 2020 8:33:45 PM org.eclipse.lsp4j.jsonrpc.services.GenericEndpoint notify
INFO: Unsupported notification method: $/setTraceNotification
Dec 19, 2020 12:13:04 PM org.eclipse.lsp4j.jsonrpc.services.GenericEndpoint notify
INFO: Unsupported notification method: $/setTraceNotification
Dec 19, 2020 7:21:52 PM org.eclipse.lsp4j.jsonrpc.services.GenericEndpoint notify
INFO: Unsupported notification method: $/setTraceNotification
Dec 19, 2020 7:43:58 PM org.eclipse.lsp4j.jsonrpc.services.GenericEndpoint notify
INFO: Unsupported notification method: $/setTraceNotification
2020.12.20 06:04:38 INFO  shutting down Metals
2020.12.20 06:04:38 INFO  Shut down connection with build server.
2020.12.20 06:04:38 INFO  Shut down connection with build server.
No more data in the client stdin, exiting...
No more data in the client stdin, exiting...
No more data in the server stdin, exiting...
No more data in the server stdin, exiting...
No more data in the server stdin, exiting...
No more data in the server stdin, exiting...
2020.12.20 06:04:38 INFO  Shut down connection with build server.
No more data in the server stdin, exiting...
No more data in the server stdin, exiting...
No more data in the client stdin, exiting...
2020.12.20 06:05:52 INFO  Started: Metals version 0.9.8 in workspace '/Users/billlasley/Documents/GitHub/lila-ws' for client vscode.
2020.12.20 06:05:54 INFO  time: initialize in 1.97s
2020.12.20 06:05:55 INFO  Attempting to connect to the build server...
Starting the bsp launcher for bloop...
Opening a bsp server connection with 'bsp --protocol local --socket /var/folders/4x/6k96kzwx6wgdvzx2zfvspsnw0000gn/T/bsp-launcher6862126023930130651/bsp.socket'...
Waiting for the bsp connection to come up...
[0m[32m[D][0m Loading workspace settings from bloop.settings.json
[0m[32m[D][0m Waiting for a connection at local:///var/folders/4x/6k96kzwx6wgdvzx2zfvspsnw0000gn/T/bsp-launcher6862126023930130651/bsp.socket...
The server is listening for incoming connections at local:///var/folders/4x/6k96kzwx6wgdvzx2zfvspsnw0000gn/T/bsp-launcher6862126023930130651/bsp.socket...
2020.12.20 06:05:54 INFO  skipping build import with status 'Installed'
Starting thread that pumps stdin and redirects it to the bsp server...
Starting thread that pumps server stdout and redirects it to the client stdout...
2020.12.20 06:05:55 INFO  tracing is disabled for protocol BSP, to enable tracing of incoming and outgoing JSON messages create an empty file at /Users/billlasley/Library/Caches/org.scalameta.metals/bsp.trace.json
2020.12.20 06:06:04 INFO  Attempting to connect to the build server...
Starting the bsp launcher for bloop...
2020.12.20 06:06:04 INFO  Attempting to connect to the build server...
Opening a bsp server connection with 'bsp --protocol local --socket /var/folders/4x/6k96kzwx6wgdvzx2zfvspsnw0000gn/T/bsp-launcher12082285081780715295/bsp.socket'...
Waiting for the bsp connection to come up...
Starting the bsp launcher for bloop...
Opening a bsp server connection with 'bsp --protocol local --socket /var/folders/4x/6k96kzwx6wgdvzx2zfvspsnw0000gn/T/bsp-launcher7220745721632323412/bsp.socket'...
Waiting for the bsp connection to come up...
[0m[32m[D][0m Loading workspace settings from bloop.settings.json
[0m[32m[D][0m Waiting for a connection at local:///var/folders/4x/6k96kzwx6wgdvzx2zfvspsnw0000gn/T/bsp-launcher12082285081780715295/bsp.socket...
The server is listening for incoming connections at local:///var/folders/4x/6k96kzwx6wgdvzx2zfvspsnw0000gn/T/bsp-launcher12082285081780715295/bsp.socket...
[0m[32m[D][0m Loading workspace settings from bloop.settings.json
[0m[32m[D][0m Waiting for a connection at local:///var/folders/4x/6k96kzwx6wgdvzx2zfvspsnw0000gn/T/bsp-launcher7220745721632323412/bsp.socket...
The server is listening for incoming connections at local:///var/folders/4x/6k96kzwx6wgdvzx2zfvspsnw0000gn/T/bsp-launcher7220745721632323412/bsp.socket...
Starting thread that pumps stdin and redirects it to the bsp server...
Starting thread that pumps stdin and redirects it to the bsp server...
Starting thread that pumps server stdout and redirects it to the client stdout...
Starting thread that pumps server stdout and redirects it to the client stdout...
2020.12.20 06:06:04 INFO  tracing is disabled for protocol BSP, to enable tracing of incoming and outgoing JSON messages create an empty file at /Users/billlasley/Library/Caches/org.scalameta.metals/bsp.trace.json
2020.12.20 06:06:04 INFO  tracing is disabled for protocol BSP, to enable tracing of incoming and outgoing JSON messages create an empty file at /Users/billlasley/Library/Caches/org.scalameta.metals/bsp.trace.json
2020.12.20 06:06:19 INFO  time: connected to build server in 24s
2020.12.20 06:06:19 INFO  Connected to Build server v1.4.5-6-4768184c
2020.12.20 06:06:24 INFO  time: indexed workspace in 4.27s
No more data in the server stdin, exiting...
No more data in the server stdin, exiting...
No more data in the server stdin, exiting...
No more data in the server stdin, exiting...
No more data in the server stdin, exiting...
No more data in the server stdin, exiting...
2020.12.20 21:17:01 INFO  shutting down Metals
No more data in the client stdin, exiting...
No more data in the client stdin, exiting...
No more data in the client stdin, exiting...
2020.12.21 12:23:05 INFO  Started: Metals version 0.9.8 in workspace '/Users/billlasley/Documents/GitHub/lila-ws' for client vscode.
2020.12.21 12:23:12 INFO  time: initialize in 6.51s
2020.12.21 12:23:13 INFO  Attempting to connect to the build server...
Starting the bsp launcher for bloop...
Opening a bsp server connection with 'bsp --protocol local --socket /var/folders/4x/6k96kzwx6wgdvzx2zfvspsnw0000gn/T/bsp-launcher4879501544457528462/bsp.socket'...
Waiting for the bsp connection to come up...
[0m[32m[D][0m Loading workspace settings from bloop.settings.json
[0m[32m[D][0m Loading 2 projects from '/Users/billlasley/Documents/GitHub/lila-ws/.bloop'...
[0m[32m[D][0m Loading project from '/Users/billlasley/Documents/GitHub/lila-ws/.bloop/lila-ws.json'
[0m[32m[D][0m Loading project from '/Users/billlasley/Documents/GitHub/lila-ws/.bloop/lila-ws-test.json'
[0m[32m[D][0m Configured SemanticDB in projects 'lila-ws', 'lila-ws-test'
[0m[32m[D][0m Missing analysis file for project 'lila-ws'
[0m[32m[D][0m Missing analysis file for project 'lila-ws-test'
[0m[32m[D][0m Waiting for a connection at local:///var/folders/4x/6k96kzwx6wgdvzx2zfvspsnw0000gn/T/bsp-launcher4879501544457528462/bsp.socket...
The server is listening for incoming connections at local:///var/folders/4x/6k96kzwx6wgdvzx2zfvspsnw0000gn/T/bsp-launcher4879501544457528462/bsp.socket...
2020.12.21 12:23:13 INFO  skipping build import with status 'Installed'
Starting thread that pumps stdin and redirects it to the bsp server...
Starting thread that pumps server stdout and redirects it to the client stdout...
2020.12.21 12:23:13 INFO  tracing is disabled for protocol BSP, to enable tracing of incoming and outgoing JSON messages create an empty file at /Users/billlasley/Library/Caches/org.scalameta.metals/bsp.trace.json
2020.12.21 12:23:13 INFO  Attempting to connect to the build server...
Starting the bsp launcher for bloop...
Opening a bsp server connection with 'bsp --protocol local --socket /var/folders/4x/6k96kzwx6wgdvzx2zfvspsnw0000gn/T/bsp-launcher15071073481681176828/bsp.socket'...
Waiting for the bsp connection to come up...
2020.12.21 12:23:13 INFO  Attempting to connect to the build server...
Starting the bsp launcher for bloop...
Opening a bsp server connection with 'bsp --protocol local --socket /var/folders/4x/6k96kzwx6wgdvzx2zfvspsnw0000gn/T/bsp-launcher1620873393022668671/bsp.socket'...
Waiting for the bsp connection to come up...
[0m[32m[D][0m Loading workspace settings from bloop.settings.json
[0m[32m[D][0m Waiting for a connection at local:///var/folders/4x/6k96kzwx6wgdvzx2zfvspsnw0000gn/T/bsp-launcher1620873393022668671/bsp.socket...
The server is listening for incoming connections at local:///var/folders/4x/6k96kzwx6wgdvzx2zfvspsnw0000gn/T/bsp-launcher1620873393022668671/bsp.socket...
Starting thread that pumps stdin and redirects it to the bsp server...
Starting thread that pumps server stdout and redirects it to the client stdout...
2020.12.21 12:23:13 INFO  tracing is disabled for protocol BSP, to enable tracing of incoming and outgoing JSON messages create an empty file at /Users/billlasley/Library/Caches/org.scalameta.metals/bsp.trace.json
[0m[32m[D][0m Loading workspace settings from bloop.settings.json
[0m[32m[D][0m Waiting for a connection at local:///var/folders/4x/6k96kzwx6wgdvzx2zfvspsnw0000gn/T/bsp-launcher15071073481681176828/bsp.socket...
The server is listening for incoming connections at local:///var/folders/4x/6k96kzwx6wgdvzx2zfvspsnw0000gn/T/bsp-launcher15071073481681176828/bsp.socket...
Starting thread that pumps stdin and redirects it to the bsp server...
Starting thread that pumps server stdout and redirects it to the client stdout...
2020.12.21 12:23:13 INFO  tracing is disabled for protocol BSP, to enable tracing of incoming and outgoing JSON messages create an empty file at /Users/billlasley/Library/Caches/org.scalameta.metals/bsp.trace.json
2020.12.21 12:23:13 INFO  time: connected to build server in 0.47s
2020.12.21 12:23:13 INFO  Connected to Build server v1.4.6
2020.12.21 12:23:22 INFO  time: indexed workspace in 9.01s
Dec 21, 2020 12:24:02 PM org.eclipse.lsp4j.jsonrpc.services.GenericEndpoint notify
INFO: Unsupported notification method: $/setTraceNotification
Dec 21, 2020 12:27:38 PM org.eclipse.lsp4j.jsonrpc.services.GenericEndpoint notify
INFO: Unsupported notification method: $/setTraceNotification
Dec 21, 2020 12:34:25 PM org.eclipse.lsp4j.jsonrpc.services.GenericEndpoint notify
INFO: Unsupported notification method: $/setTraceNotification
Dec 21, 2020 4:39:51 PM org.eclipse.lsp4j.jsonrpc.services.GenericEndpoint notify
INFO: Unsupported notification method: $/setTraceNotification
2020.12.21 16:58:16 INFO  shutting down Metals
2020.12.21 16:58:16 INFO  Shut down connection with build server.
2020.12.21 16:58:16 INFO No more data in the client stdin, exiting...
 Shut down connection with build server.
2020.12.21 16:58:16 INFO  Shut down connection with build server.
No more data in the client stdin, exiting...
No more data in the client stdin, exiting...
No more data in the server stdin, exiting...
No more data in the server stdin, exiting...
No more data in the server stdin, exiting...
No more data in the server stdin, exiting...
No more data in the server stdin, exiting...
No more data in the server stdin, exiting...
[0m2021.02.17 17:53:29 INFO  Started: Metals version 0.9.10 in workspace '/Users/billlasley/Documents/GitHub/lila-ws' for client vscode 1.53.2.[0m
[0m2021.02.17 17:53:31 INFO  time: initialize in 2.31s[0m
[0m2021.02.17 17:53:31 WARN  resetting database: /Users/billlasley/Documents/GitHub/lila-ws/.metals/metals.h2.db[0m
[0m2021.02.17 17:53:32 INFO  Attempting to connect to the build server...[0m
Starting the bsp launcher for bloop...
Opening a bsp server connection with 'bsp --protocol local --socket /var/folders/3k/kvy6ccz93zxddhpv764phbhh0000gn/T/bsp-launcher9507190386665111340/bsp.socket'...
Waiting for the bsp connection to come up...
[0m[32m[D][0m Loading workspace settings from bloop.settings.json
[0m[32m[D][0m Loading 2 projects from '/Users/billlasley/Documents/GitHub/lila-ws/.bloop'...
[0m[32m[D][0m Loading project from '/Users/billlasley/Documents/GitHub/lila-ws/.bloop/lila-ws-test.json'
[0m[32m[D][0m Loading project from '/Users/billlasley/Documents/GitHub/lila-ws/.bloop/lila-ws.json'
[0m[32m[D][0m Configured SemanticDB in projects 'lila-ws-test', 'lila-ws'
[0m[32m[D][0m Missing analysis file for project 'lila-ws-test'
[0m[32m[D][0m Missing analysis file for project 'lila-ws'
[0m[32m[D][0m Waiting for a connection at local:///var/folders/3k/kvy6ccz93zxddhpv764phbhh0000gn/T/bsp-launcher9507190386665111340/bsp.socket...
The server is listening for incoming connections at local:///var/folders/3k/kvy6ccz93zxddhpv764phbhh0000gn/T/bsp-launcher9507190386665111340/bsp.socket...
Starting thread that pumps stdin and redirects it to the bsp server...
Starting thread that pumps server stdout and redirects it to the client stdout...
[0m2021.02.17 17:53:32 INFO  tracing is disabled for protocol BSP, to enable tracing of incoming and outgoing JSON messages create an empty file at /Users/billlasley/Library/Caches/org.scalameta.metals/bsp.trace.json[0m
[0m2021.02.17 17:53:32 INFO  Attempting to connect to the build server...[0m
Starting the bsp launcher for bloop...
Opening a bsp server connection with 'bsp --protocol local --socket /var/folders/3k/kvy6ccz93zxddhpv764phbhh0000gn/T/bsp-launcher12202312145251190080/bsp.socket'...
Waiting for the bsp connection to come up...
[0m2021.02.17 17:53:32 INFO  Attempting to connect to the build server...[0m
Starting the bsp launcher for bloop...
Opening a bsp server connection with 'bsp --protocol local --socket /var/folders/3k/kvy6ccz93zxddhpv764phbhh0000gn/T/bsp-launcher6786433699526562107/bsp.socket'...
Waiting for the bsp connection to come up...
[0m[32m[D][0m Loading workspace settings from bloop.settings.json
[0m[32m[D][0m Waiting for a connection at local:///var/folders/3k/kvy6ccz93zxddhpv764phbhh0000gn/T/bsp-launcher12202312145251190080/bsp.socket...
The server is listening for incoming connections at local:///var/folders/3k/kvy6ccz93zxddhpv764phbhh0000gn/T/bsp-launcher12202312145251190080/bsp.socket...
Starting thread that pumps stdin and redirects it to the bsp server...
Starting thread that pumps server stdout and redirects it to the client stdout...
[0m[32m[D][0m Loading workspace settings from bloop.settings.json
[0m[32m[D][0m Waiting for a connection at local:///var/folders/3k/kvy6ccz93zxddhpv764phbhh0000gn/T/bsp-launcher6786433699526562107/bsp.socket...
The server is listening for incoming connections at local:///var/folders/3k/kvy6ccz93zxddhpv764phbhh0000gn/T/bsp-launcher6786433699526562107/bsp.socket...
[0m2021.02.17 17:53:32 INFO  tracing is disabled for protocol BSP, to enable tracing of incoming and outgoing JSON messages create an empty file at /Users/billlasley/Library/Caches/org.scalameta.metals/bsp.trace.jsonStarting thread that pumps stdin and redirects it to the bsp server...[0m

Starting thread that pumps server stdout and redirects it to the client stdout...
[0m2021.02.17 17:53:32 INFO  tracing is disabled for protocol BSP, to enable tracing of incoming and outgoing JSON messages create an empty file at /Users/billlasley/Library/Caches/org.scalameta.metals/bsp.trace.json[0m
[0m2021.02.17 17:53:32 INFO  time: connected to build server in 0.29s[0m
[0m2021.02.17 17:53:32 INFO  Connected to Build server v1.4.6-21-464e4ec4[0m
[0m2021.02.17 17:53:37 ERROR unexpected error during source scanning
java.nio.file.FileSystemNotFoundException: /Users/billlasley/Library/Caches/Coursier/v1/https/repo1.maven.org/maven2/org/reactivemongo/reactivemongo-shaded-native/1.0.1-linux-x86-64/reactivemongo-shaded-native-1.0.1-linux-x86-64-sources.jar
	at jdk.nio.zipfs.ZipFileSystem.<init>(ZipFileSystem.java:118)
	at jdk.nio.zipfs.ZipFileSystemProvider.newFileSystem(ZipFileSystemProvider.java:109)
	at java.nio.file.FileSystems.newFileSystem(FileSystems.java:337)
	at java.nio.file.FileSystems.newFileSystem(FileSystems.java:286)
	at scala.meta.internal.io.PlatformFileIO$.newFileSystem(PlatformFileIO.scala:104)
	at scala.meta.internal.io.PlatformFileIO$.newJarFileSystem(PlatformFileIO.scala:100)
	at scala.meta.internal.metals.JarTopLevels.getTopLevels(JarTopLevels.scala:34)
	at scala.meta.internal.metals.MetalsLanguageServer.$anonfun$addSourceJarSymbols$1(MetalsLanguageServer.scala:2252)
	at scala.meta.internal.mtags.OnDemandSymbolIndex.$anonfun$addSourceJarTopLevels$1(OnDemandSymbolIndex.scala:101)
	at scala.meta.internal.mtags.OnDemandSymbolIndex.tryRun(OnDemandSymbolIndex.scala:133)
	at scala.meta.internal.mtags.OnDemandSymbolIndex.addSourceJarTopLevels(OnDemandSymbolIndex.scala:100)
	at scala.meta.internal.metals.MetalsLanguageServer.addSourceJarSymbols(MetalsLanguageServer.scala:2251)
	at scala.meta.internal.metals.MetalsLanguageServer.$anonfun$indexDependencySources$5(MetalsLanguageServer.scala:2219)
	at scala.meta.internal.metals.MetalsLanguageServer.$anonfun$indexDependencySources$5$adapted(MetalsLanguageServer.scala:2210)
	at scala.collection.TraversableLike$WithFilter.$anonfun$foreach$1(TraversableLike.scala:985)
	at scala.collection.immutable.List.foreach(List.scala:431)
	at scala.collection.TraversableLike$WithFilter.foreach(TraversableLike.scala:984)
	at scala.meta.internal.metals.MetalsLanguageServer.$anonfun$indexDependencySources$2(MetalsLanguageServer.scala:2210)
	at scala.meta.internal.metals.MetalsLanguageServer.$anonfun$indexDependencySources$2$adapted(MetalsLanguageServer.scala:2209)
	at scala.collection.Iterator.foreach(Iterator.scala:943)
	at scala.collection.Iterator.foreach$(Iterator.scala:943)
	at scala.collection.AbstractIterator.foreach(Iterator.scala:1431)
	at scala.collection.IterableLike.foreach(IterableLike.scala:74)
	at scala.collection.IterableLike.foreach$(IterableLike.scala:73)
	at scala.collection.AbstractIterable.foreach(Iterable.scala:56)
	at scala.meta.internal.metals.MetalsLanguageServer.indexDependencySources(MetalsLanguageServer.scala:2209)
	at scala.meta.internal.metals.MetalsLanguageServer.$anonfun$indexWorkspace$10(MetalsLanguageServer.scala:2155)
	at scala.runtime.java8.JFunction0$mcV$sp.apply(JFunction0$mcV$sp.java:23)
	at scala.meta.internal.metals.TimerProvider.timedThunk(TimerProvider.scala:25)
	at scala.meta.internal.metals.MetalsLanguageServer.indexWorkspace(MetalsLanguageServer.scala:2155)
	at scala.meta.internal.metals.MetalsLanguageServer.$anonfun$profiledIndexWorkspace$2(MetalsLanguageServer.scala:2049)
	at scala.runtime.java8.JFunction0$mcV$sp.apply(JFunction0$mcV$sp.java:23)
	at scala.meta.internal.metals.TimerProvider.timedThunk(TimerProvider.scala:25)
	at scala.meta.internal.metals.MetalsLanguageServer.$anonfun$profiledIndexWorkspace$1(MetalsLanguageServer.scala:2049)
	at scala.runtime.java8.JFunction0$mcV$sp.apply(JFunction0$mcV$sp.java:23)
	at scala.concurrent.Future$.$anonfun$apply$1(Future.scala:659)
	at scala.util.Success.$anonfun$map$1(Try.scala:255)
	at scala.util.Success.map(Try.scala:213)
	at scala.concurrent.Future.$anonfun$map$1(Future.scala:292)
	at scala.concurrent.impl.Promise.liftedTree1$1(Promise.scala:33)
	at scala.concurrent.impl.Promise.$anonfun$transform$1(Promise.scala:33)
	at scala.concurrent.impl.CallbackRunnable.run(Promise.scala:64)
	at java.util.concurrent.ThreadPoolExecutor.runWorker(ThreadPoolExecutor.java:1128)
	at java.util.concurrent.ThreadPoolExecutor$Worker.run(ThreadPoolExecutor.java:628)
	at java.lang.Thread.run(Thread.java:834)
[0m
[0m2021.02.17 17:53:37 ERROR unexpected error during source scanning
java.nio.file.FileSystemNotFoundException: /Users/billlasley/Library/Caches/Coursier/v1/https/repo1.maven.org/maven2/io/netty/netty-codec-http/4.1.56.Final/netty-codec-http-4.1.56.Final-sources.jar
	at jdk.nio.zipfs.ZipFileSystem.<init>(ZipFileSystem.java:118)
	at jdk.nio.zipfs.ZipFileSystemProvider.newFileSystem(ZipFileSystemProvider.java:109)
	at java.nio.file.FileSystems.newFileSystem(FileSystems.java:337)
	at java.nio.file.FileSystems.newFileSystem(FileSystems.java:286)
	at scala.meta.internal.io.PlatformFileIO$.newFileSystem(PlatformFileIO.scala:104)
	at scala.meta.internal.io.PlatformFileIO$.newJarFileSystem(PlatformFileIO.scala:100)
	at scala.meta.internal.metals.JarTopLevels.getTopLevels(JarTopLevels.scala:34)
	at scala.meta.internal.metals.MetalsLanguageServer.$anonfun$addSourceJarSymbols$1(MetalsLanguageServer.scala:2252)
	at scala.meta.internal.mtags.OnDemandSymbolIndex.$anonfun$addSourceJarTopLevels$1(OnDemandSymbolIndex.scala:101)
	at scala.meta.internal.mtags.OnDemandSymbolIndex.tryRun(OnDemandSymbolIndex.scala:133)
	at scala.meta.internal.mtags.OnDemandSymbolIndex.addSourceJarTopLevels(OnDemandSymbolIndex.scala:100)
	at scala.meta.internal.metals.MetalsLanguageServer.addSourceJarSymbols(MetalsLanguageServer.scala:2251)
	at scala.meta.internal.metals.MetalsLanguageServer.$anonfun$indexDependencySources$5(MetalsLanguageServer.scala:2219)
	at scala.meta.internal.metals.MetalsLanguageServer.$anonfun$indexDependencySources$5$adapted(MetalsLanguageServer.scala:2210)
	at scala.collection.TraversableLike$WithFilter.$anonfun$foreach$1(TraversableLike.scala:985)
	at scala.collection.immutable.List.foreach(List.scala:431)
	at scala.collection.TraversableLike$WithFilter.foreach(TraversableLike.scala:984)
	at scala.meta.internal.metals.MetalsLanguageServer.$anonfun$indexDependencySources$2(MetalsLanguageServer.scala:2210)
	at scala.meta.internal.metals.MetalsLanguageServer.$anonfun$indexDependencySources$2$adapted(MetalsLanguageServer.scala:2209)
	at scala.collection.Iterator.foreach(Iterator.scala:943)
	at scala.collection.Iterator.foreach$(Iterator.scala:943)
	at scala.collection.AbstractIterator.foreach(Iterator.scala:1431)
	at scala.collection.IterableLike.foreach(IterableLike.scala:74)
	at scala.collection.IterableLike.foreach$(IterableLike.scala:73)
	at scala.collection.AbstractIterable.foreach(Iterable.scala:56)
	at scala.meta.internal.metals.MetalsLanguageServer.indexDependencySources(MetalsLanguageServer.scala:2209)
	at scala.meta.internal.metals.MetalsLanguageServer.$anonfun$indexWorkspace$10(MetalsLanguageServer.scala:2155)
	at scala.runtime.java8.JFunction0$mcV$sp.apply(JFunction0$mcV$sp.java:23)
	at scala.meta.internal.metals.TimerProvider.timedThunk(TimerProvider.scala:25)
	at scala.meta.internal.metals.MetalsLanguageServer.indexWorkspace(MetalsLanguageServer.scala:2155)
	at scala.meta.internal.metals.MetalsLanguageServer.$anonfun$profiledIndexWorkspace$2(MetalsLanguageServer.scala:2049)
	at scala.runtime.java8.JFunction0$mcV$sp.apply(JFunction0$mcV$sp.java:23)
	at scala.meta.internal.metals.TimerProvider.timedThunk(TimerProvider.scala:25)
	at scala.meta.internal.metals.MetalsLanguageServer.$anonfun$profiledIndexWorkspace$1(MetalsLanguageServer.scala:2049)
	at scala.runtime.java8.JFunction0$mcV$sp.apply(JFunction0$mcV$sp.java:23)
	at scala.concurrent.Future$.$anonfun$apply$1(Future.scala:659)
	at scala.util.Success.$anonfun$map$1(Try.scala:255)
	at scala.util.Success.map(Try.scala:213)
	at scala.concurrent.Future.$anonfun$map$1(Future.scala:292)
	at scala.concurrent.impl.Promise.liftedTree1$1(Promise.scala:33)
	at scala.concurrent.impl.Promise.$anonfun$transform$1(Promise.scala:33)
	at scala.concurrent.impl.CallbackRunnable.run(Promise.scala:64)
	at java.util.concurrent.ThreadPoolExecutor.runWorker(ThreadPoolExecutor.java:1128)
	at java.util.concurrent.ThreadPoolExecutor$Worker.run(ThreadPoolExecutor.java:628)
	at java.lang.Thread.run(Thread.java:834)
[0m
[0m2021.02.17 17:53:37 ERROR unexpected error during source scanning
java.nio.file.FileSystemNotFoundException: /Users/billlasley/Library/Caches/Coursier/v1/https/repo1.maven.org/maven2/io/netty/netty-transport-native-unix-common/4.1.56.Final/netty-transport-native-unix-common-4.1.56.Final-sources.jar
	at jdk.nio.zipfs.ZipFileSystem.<init>(ZipFileSystem.java:118)
	at jdk.nio.zipfs.ZipFileSystemProvider.newFileSystem(ZipFileSystemProvider.java:109)
	at java.nio.file.FileSystems.newFileSystem(FileSystems.java:337)
	at java.nio.file.FileSystems.newFileSystem(FileSystems.java:286)
	at scala.meta.internal.io.PlatformFileIO$.newFileSystem(PlatformFileIO.scala:104)
	at scala.meta.internal.io.PlatformFileIO$.newJarFileSystem(PlatformFileIO.scala:100)
	at scala.meta.internal.metals.JarTopLevels.getTopLevels(JarTopLevels.scala:34)
	at scala.meta.internal.metals.MetalsLanguageServer.$anonfun$addSourceJarSymbols$1(MetalsLanguageServer.scala:2252)
	at scala.meta.internal.mtags.OnDemandSymbolIndex.$anonfun$addSourceJarTopLevels$1(OnDemandSymbolIndex.scala:101)
	at scala.meta.internal.mtags.OnDemandSymbolIndex.tryRun(OnDemandSymbolIndex.scala:133)
	at scala.meta.internal.mtags.OnDemandSymbolIndex.addSourceJarTopLevels(OnDemandSymbolIndex.scala:100)
	at scala.meta.internal.metals.MetalsLanguageServer.addSourceJarSymbols(MetalsLanguageServer.scala:2251)
	at scala.meta.internal.metals.MetalsLanguageServer.$anonfun$indexDependencySources$5(MetalsLanguageServer.scala:2219)
	at scala.meta.internal.metals.MetalsLanguageServer.$anonfun$indexDependencySources$5$adapted(MetalsLanguageServer.scala:2210)
	at scala.collection.TraversableLike$WithFilter.$anonfun$foreach$1(TraversableLike.scala:985)
	at scala.collection.immutable.List.foreach(List.scala:431)
	at scala.collection.TraversableLike$WithFilter.foreach(TraversableLike.scala:984)
	at scala.meta.internal.metals.MetalsLanguageServer.$anonfun$indexDependencySources$2(MetalsLanguageServer.scala:2210)
	at scala.meta.internal.metals.MetalsLanguageServer.$anonfun$indexDependencySources$2$adapted(MetalsLanguageServer.scala:2209)
	at scala.collection.Iterator.foreach(Iterator.scala:943)
	at scala.collection.Iterator.foreach$(Iterator.scala:943)
	at scala.collection.AbstractIterator.foreach(Iterator.scala:1431)
	at scala.collection.IterableLike.foreach(IterableLike.scala:74)
	at scala.collection.IterableLike.foreach$(IterableLike.scala:73)
	at scala.collection.AbstractIterable.foreach(Iterable.scala:56)
	at scala.meta.internal.metals.MetalsLanguageServer.indexDependencySources(MetalsLanguageServer.scala:2209)
	at scala.meta.internal.metals.MetalsLanguageServer.$anonfun$indexWorkspace$10(MetalsLanguageServer.scala:2155)
	at scala.runtime.java8.JFunction0$mcV$sp.apply(JFunction0$mcV$sp.java:23)
	at scala.meta.internal.metals.TimerProvider.timedThunk(TimerProvider.scala:25)
	at scala.meta.internal.metals.MetalsLanguageServer.indexWorkspace(MetalsLanguageServer.scala:2155)
	at scala.meta.internal.metals.MetalsLanguageServer.$anonfun$profiledIndexWorkspace$2(MetalsLanguageServer.scala:2049)
	at scala.runtime.java8.JFunction0$mcV$sp.apply(JFunction0$mcV$sp.java:23)
	at scala.meta.internal.metals.TimerProvider.timedThunk(TimerProvider.scala:25)
	at scala.meta.internal.metals.MetalsLanguageServer.$anonfun$profiledIndexWorkspace$1(MetalsLanguageServer.scala:2049)
	at scala.runtime.java8.JFunction0$mcV$sp.apply(JFunction0$mcV$sp.java:23)
	at scala.concurrent.Future$.$anonfun$apply$1(Future.scala:659)
	at scala.util.Success.$anonfun$map$1(Try.scala:255)
	at scala.util.Success.map(Try.scala:213)
	at scala.concurrent.Future.$anonfun$map$1(Future.scala:292)
	at scala.concurrent.impl.Promise.liftedTree1$1(Promise.scala:33)
	at scala.concurrent.impl.Promise.$anonfun$transform$1(Promise.scala:33)
	at scala.concurrent.impl.CallbackRunnable.run(Promise.scala:64)
	at java.util.concurrent.ThreadPoolExecutor.runWorker(ThreadPoolExecutor.java:1128)
	at java.util.concurrent.ThreadPoolExecutor$Worker.run(ThreadPoolExecutor.java:628)
	at java.lang.Thread.run(Thread.java:834)
[0m
[0m2021.02.17 17:53:37 INFO  time: indexed workspace in 5.49s[0m
[0m2021.02.18 10:36:07 INFO  shutting down Metals[0m
[0m2021.02.18 10:36:07 INFO  Shut down connection with build server.[0m
[0m2021.02.18 10:36:07 INFO  Shut down connection with build server.[0m
[0m2021.02.18 10:36:07 INFO  Shut down connection with build server.[0m
No more data in the server stdin, exiting...
No more data in the server stdin, exiting...
No more data in the server stdin, exiting...
No more data in the server stdin, exiting...
No more data in the client stdin, exiting...
No more data in the client stdin, exiting...
No more data in the client stdin, exiting...
No more data in the server stdin, exiting...
No more data in the server stdin, exiting...
[0m2021.02.18 10:46:52 INFO  Started: Metals version 0.9.10 in workspace '/Users/billlasley/Documents/GitHub/lila-ws' for client vscode 1.53.2.[0m
[0m2021.02.18 10:46:54 INFO  time: initialize in 1.62s[0m
[0m2021.02.18 10:46:54 INFO  Attempting to connect to the build server...[0m
Starting the bsp launcher for bloop...
Opening a bsp server connection with 'bsp --protocol local --socket /var/folders/3k/kvy6ccz93zxddhpv764phbhh0000gn/T/bsp-launcher3822515381559284504/bsp.socket'...
Waiting for the bsp connection to come up...
[0m[32m[D][0m Loading workspace settings from bloop.settings.json
[0m[32m[D][0m Waiting for a connection at local:///var/folders/3k/kvy6ccz93zxddhpv764phbhh0000gn/T/bsp-launcher3822515381559284504/bsp.socket...
The server is listening for incoming connections at local:///var/folders/3k/kvy6ccz93zxddhpv764phbhh0000gn/T/bsp-launcher3822515381559284504/bsp.socket...
[0m2021.02.18 10:46:54 INFO  skipping build import with status 'Requested'[0m
Starting thread that pumps stdin and redirects it to the bsp server...
Starting thread that pumps server stdout and redirects it to the client stdout...
[0m2021.02.18 10:46:54 INFO  tracing is disabled for protocol BSP, to enable tracing of incoming and outgoing JSON messages create an empty file at /Users/billlasley/Library/Caches/org.scalameta.metals/bsp.trace.json[0m
[0m2021.02.18 10:46:54 INFO  Attempting to connect to the build server...[0m
Starting the bsp launcher for bloop...
[0m2021.02.18 10:46:54Opening a bsp server connection with 'bsp --protocol local --socket /var/folders/3k/kvy6ccz93zxddhpv764phbhh0000gn/T/bsp-launcher10655336144739239008/bsp.socket'... INFO 
 Attempting to connect to the build server...[0m
Waiting for the bsp connection to come up...
Starting the bsp launcher for bloop...
Opening a bsp server connection with 'bsp --protocol local --socket /var/folders/3k/kvy6ccz93zxddhpv764phbhh0000gn/T/bsp-launcher16770025161744163051/bsp.socket'...
Waiting for the bsp connection to come up...
[0m[32m[D][0m Loading workspace settings from bloop.settings.json
[0m[32m[D][0m Waiting for a connection at local:///var/folders/3k/kvy6ccz93zxddhpv764phbhh0000gn/T/bsp-launcher10655336144739239008/bsp.socket...
The server is listening for incoming connections at local:///var/folders/3k/kvy6ccz93zxddhpv764phbhh0000gn/T/bsp-launcher10655336144739239008/bsp.socket...
Starting thread that pumps stdin and redirects it to the bsp server...
Starting thread that pumps server stdout and redirects it to the client stdout...
[0m[32m[D][0m Loading workspace settings from bloop.settings.json
[0m[32m[D][0m Waiting for a connection at local:///var/folders/3k/kvy6ccz93zxddhpv764phbhh0000gn/T/bsp-launcher16770025161744163051/bsp.socket...
The server is listening for incoming connections at local:///var/folders/3k/kvy6ccz93zxddhpv764phbhh0000gn/T/bsp-launcher16770025161744163051/bsp.socket...
[0m2021.02.18 10:46:55 INFO  tracing is disabled for protocol BSP, to enable tracing of incoming and outgoing JSON messages create an empty file at /Users/billlasley/Library/Caches/org.scalameta.metals/bsp.trace.json[0m
Starting thread that pumps stdin and redirects it to the bsp server...
Starting thread that pumps server stdout and redirects it to the client stdout...
[0m2021.02.18 10:46:55 INFO  tracing is disabled for protocol BSP, to enable tracing of incoming and outgoing JSON messages create an empty file at /Users/billlasley/Library/Caches/org.scalameta.metals/bsp.trace.json[0m
[0m2021.02.18 10:46:55 INFO  time: connected to build server in 0.34s[0m
[0m2021.02.18 10:46:55 INFO  Connected to Build server v1.4.6-21-464e4ec4[0m
[0m2021.02.18 10:47:01 ERROR unexpected error during source scanning
java.nio.file.FileSystemNotFoundException: /Users/billlasley/Library/Caches/Coursier/v1/https/repo1.maven.org/maven2/org/reactivemongo/reactivemongo-shaded-native/1.0.1-linux-x86-64/reactivemongo-shaded-native-1.0.1-linux-x86-64-sources.jar
	at jdk.nio.zipfs.ZipFileSystem.<init>(ZipFileSystem.java:118)
	at jdk.nio.zipfs.ZipFileSystemProvider.newFileSystem(ZipFileSystemProvider.java:109)
	at java.nio.file.FileSystems.newFileSystem(FileSystems.java:337)
	at java.nio.file.FileSystems.newFileSystem(FileSystems.java:286)
	at scala.meta.internal.io.PlatformFileIO$.newFileSystem(PlatformFileIO.scala:104)
	at scala.meta.internal.io.PlatformFileIO$.newJarFileSystem(PlatformFileIO.scala:100)
	at scala.meta.internal.metals.JarTopLevels.getTopLevels(JarTopLevels.scala:34)
	at scala.meta.internal.metals.MetalsLanguageServer.$anonfun$addSourceJarSymbols$1(MetalsLanguageServer.scala:2252)
	at scala.meta.internal.mtags.OnDemandSymbolIndex.$anonfun$addSourceJarTopLevels$1(OnDemandSymbolIndex.scala:101)
	at scala.meta.internal.mtags.OnDemandSymbolIndex.tryRun(OnDemandSymbolIndex.scala:133)
	at scala.meta.internal.mtags.OnDemandSymbolIndex.addSourceJarTopLevels(OnDemandSymbolIndex.scala:100)
	at scala.meta.internal.metals.MetalsLanguageServer.addSourceJarSymbols(MetalsLanguageServer.scala:2251)
	at scala.meta.internal.metals.MetalsLanguageServer.$anonfun$indexDependencySources$5(MetalsLanguageServer.scala:2219)
	at scala.meta.internal.metals.MetalsLanguageServer.$anonfun$indexDependencySources$5$adapted(MetalsLanguageServer.scala:2210)
	at scala.collection.TraversableLike$WithFilter.$anonfun$foreach$1(TraversableLike.scala:985)
	at scala.collection.immutable.List.foreach(List.scala:431)
	at scala.collection.TraversableLike$WithFilter.foreach(TraversableLike.scala:984)
	at scala.meta.internal.metals.MetalsLanguageServer.$anonfun$indexDependencySources$2(MetalsLanguageServer.scala:2210)
	at scala.meta.internal.metals.MetalsLanguageServer.$anonfun$indexDependencySources$2$adapted(MetalsLanguageServer.scala:2209)
	at scala.collection.Iterator.foreach(Iterator.scala:943)
	at scala.collection.Iterator.foreach$(Iterator.scala:943)
	at scala.collection.AbstractIterator.foreach(Iterator.scala:1431)
	at scala.collection.IterableLike.foreach(IterableLike.scala:74)
	at scala.collection.IterableLike.foreach$(IterableLike.scala:73)
	at scala.collection.AbstractIterable.foreach(Iterable.scala:56)
	at scala.meta.internal.metals.MetalsLanguageServer.indexDependencySources(MetalsLanguageServer.scala:2209)
	at scala.meta.internal.metals.MetalsLanguageServer.$anonfun$indexWorkspace$10(MetalsLanguageServer.scala:2155)
	at scala.runtime.java8.JFunction0$mcV$sp.apply(JFunction0$mcV$sp.java:23)
	at scala.meta.internal.metals.TimerProvider.timedThunk(TimerProvider.scala:25)
	at scala.meta.internal.metals.MetalsLanguageServer.indexWorkspace(MetalsLanguageServer.scala:2155)
	at scala.meta.internal.metals.MetalsLanguageServer.$anonfun$profiledIndexWorkspace$2(MetalsLanguageServer.scala:2049)
	at scala.runtime.java8.JFunction0$mcV$sp.apply(JFunction0$mcV$sp.java:23)
	at scala.meta.internal.metals.TimerProvider.timedThunk(TimerProvider.scala:25)
	at scala.meta.internal.metals.MetalsLanguageServer.$anonfun$profiledIndexWorkspace$1(MetalsLanguageServer.scala:2049)
	at scala.runtime.java8.JFunction0$mcV$sp.apply(JFunction0$mcV$sp.java:23)
	at scala.concurrent.Future$.$anonfun$apply$1(Future.scala:659)
	at scala.util.Success.$anonfun$map$1(Try.scala:255)
	at scala.util.Success.map(Try.scala:213)
	at scala.concurrent.Future.$anonfun$map$1(Future.scala:292)
	at scala.concurrent.impl.Promise.liftedTree1$1(Promise.scala:33)
	at scala.concurrent.impl.Promise.$anonfun$transform$1(Promise.scala:33)
	at scala.concurrent.impl.CallbackRunnable.run(Promise.scala:64)
	at java.util.concurrent.ThreadPoolExecutor.runWorker(ThreadPoolExecutor.java:1128)
	at java.util.concurrent.ThreadPoolExecutor$Worker.run(ThreadPoolExecutor.java:628)
	at java.lang.Thread.run(Thread.java:834)
[0m
[0m2021.02.18 10:47:01 ERROR unexpected error during source scanning
java.nio.file.FileSystemNotFoundException: /Users/billlasley/Library/Caches/Coursier/v1/https/repo1.maven.org/maven2/io/netty/netty-codec-http/4.1.56.Final/netty-codec-http-4.1.56.Final-sources.jar
	at jdk.nio.zipfs.ZipFileSystem.<init>(ZipFileSystem.java:118)
	at jdk.nio.zipfs.ZipFileSystemProvider.newFileSystem(ZipFileSystemProvider.java:109)
	at java.nio.file.FileSystems.newFileSystem(FileSystems.java:337)
	at java.nio.file.FileSystems.newFileSystem(FileSystems.java:286)
	at scala.meta.internal.io.PlatformFileIO$.newFileSystem(PlatformFileIO.scala:104)
	at scala.meta.internal.io.PlatformFileIO$.newJarFileSystem(PlatformFileIO.scala:100)
	at scala.meta.internal.metals.JarTopLevels.getTopLevels(JarTopLevels.scala:34)
	at scala.meta.internal.metals.MetalsLanguageServer.$anonfun$addSourceJarSymbols$1(MetalsLanguageServer.scala:2252)
	at scala.meta.internal.mtags.OnDemandSymbolIndex.$anonfun$addSourceJarTopLevels$1(OnDemandSymbolIndex.scala:101)
	at scala.meta.internal.mtags.OnDemandSymbolIndex.tryRun(OnDemandSymbolIndex.scala:133)
	at scala.meta.internal.mtags.OnDemandSymbolIndex.addSourceJarTopLevels(OnDemandSymbolIndex.scala:100)
	at scala.meta.internal.metals.MetalsLanguageServer.addSourceJarSymbols(MetalsLanguageServer.scala:2251)
	at scala.meta.internal.metals.MetalsLanguageServer.$anonfun$indexDependencySources$5(MetalsLanguageServer.scala:2219)
	at scala.meta.internal.metals.MetalsLanguageServer.$anonfun$indexDependencySources$5$adapted(MetalsLanguageServer.scala:2210)
	at scala.collection.TraversableLike$WithFilter.$anonfun$foreach$1(TraversableLike.scala:985)
	at scala.collection.immutable.List.foreach(List.scala:431)
	at scala.collection.TraversableLike$WithFilter.foreach(TraversableLike.scala:984)
	at scala.meta.internal.metals.MetalsLanguageServer.$anonfun$indexDependencySources$2(MetalsLanguageServer.scala:2210)
	at scala.meta.internal.metals.MetalsLanguageServer.$anonfun$indexDependencySources$2$adapted(MetalsLanguageServer.scala:2209)
	at scala.collection.Iterator.foreach(Iterator.scala:943)
	at scala.collection.Iterator.foreach$(Iterator.scala:943)
	at scala.collection.AbstractIterator.foreach(Iterator.scala:1431)
	at scala.collection.IterableLike.foreach(IterableLike.scala:74)
	at scala.collection.IterableLike.foreach$(IterableLike.scala:73)
	at scala.collection.AbstractIterable.foreach(Iterable.scala:56)
	at scala.meta.internal.metals.MetalsLanguageServer.indexDependencySources(MetalsLanguageServer.scala:2209)
	at scala.meta.internal.metals.MetalsLanguageServer.$anonfun$indexWorkspace$10(MetalsLanguageServer.scala:2155)
	at scala.runtime.java8.JFunction0$mcV$sp.apply(JFunction0$mcV$sp.java:23)
	at scala.meta.internal.metals.TimerProvider.timedThunk(TimerProvider.scala:25)
	at scala.meta.internal.metals.MetalsLanguageServer.indexWorkspace(MetalsLanguageServer.scala:2155)
	at scala.meta.internal.metals.MetalsLanguageServer.$anonfun$profiledIndexWorkspace$2(MetalsLanguageServer.scala:2049)
	at scala.runtime.java8.JFunction0$mcV$sp.apply(JFunction0$mcV$sp.java:23)
	at scala.meta.internal.metals.TimerProvider.timedThunk(TimerProvider.scala:25)
	at scala.meta.internal.metals.MetalsLanguageServer.$anonfun$profiledIndexWorkspace$1(MetalsLanguageServer.scala:2049)
	at scala.runtime.java8.JFunction0$mcV$sp.apply(JFunction0$mcV$sp.java:23)
	at scala.concurrent.Future$.$anonfun$apply$1(Future.scala:659)
	at scala.util.Success.$anonfun$map$1(Try.scala:255)
	at scala.util.Success.map(Try.scala:213)
	at scala.concurrent.Future.$anonfun$map$1(Future.scala:292)
	at scala.concurrent.impl.Promise.liftedTree1$1(Promise.scala:33)
	at scala.concurrent.impl.Promise.$anonfun$transform$1(Promise.scala:33)
	at scala.concurrent.impl.CallbackRunnable.run(Promise.scala:64)
	at java.util.concurrent.ThreadPoolExecutor.runWorker(ThreadPoolExecutor.java:1128)
	at java.util.concurrent.ThreadPoolExecutor$Worker.run(ThreadPoolExecutor.java:628)
	at java.lang.Thread.run(Thread.java:834)
[0m
[0m2021.02.18 10:47:01 ERROR unexpected error during source scanning
java.nio.file.FileSystemNotFoundException: /Users/billlasley/Library/Caches/Coursier/v1/https/repo1.maven.org/maven2/io/netty/netty-transport-native-unix-common/4.1.56.Final/netty-transport-native-unix-common-4.1.56.Final-sources.jar
	at jdk.nio.zipfs.ZipFileSystem.<init>(ZipFileSystem.java:118)
	at jdk.nio.zipfs.ZipFileSystemProvider.newFileSystem(ZipFileSystemProvider.java:109)
	at java.nio.file.FileSystems.newFileSystem(FileSystems.java:337)
	at java.nio.file.FileSystems.newFileSystem(FileSystems.java:286)
	at scala.meta.internal.io.PlatformFileIO$.newFileSystem(PlatformFileIO.scala:104)
	at scala.meta.internal.io.PlatformFileIO$.newJarFileSystem(PlatformFileIO.scala:100)
	at scala.meta.internal.metals.JarTopLevels.getTopLevels(JarTopLevels.scala:34)
	at scala.meta.internal.metals.MetalsLanguageServer.$anonfun$addSourceJarSymbols$1(MetalsLanguageServer.scala:2252)
	at scala.meta.internal.mtags.OnDemandSymbolIndex.$anonfun$addSourceJarTopLevels$1(OnDemandSymbolIndex.scala:101)
	at scala.meta.internal.mtags.OnDemandSymbolIndex.tryRun(OnDemandSymbolIndex.scala:133)
	at scala.meta.internal.mtags.OnDemandSymbolIndex.addSourceJarTopLevels(OnDemandSymbolIndex.scala:100)
	at scala.meta.internal.metals.MetalsLanguageServer.addSourceJarSymbols(MetalsLanguageServer.scala:2251)
	at scala.meta.internal.metals.MetalsLanguageServer.$anonfun$indexDependencySources$5(MetalsLanguageServer.scala:2219)
	at scala.meta.internal.metals.MetalsLanguageServer.$anonfun$indexDependencySources$5$adapted(MetalsLanguageServer.scala:2210)
	at scala.collection.TraversableLike$WithFilter.$anonfun$foreach$1(TraversableLike.scala:985)
	at scala.collection.immutable.List.foreach(List.scala:431)
	at scala.collection.TraversableLike$WithFilter.foreach(TraversableLike.scala:984)
	at scala.meta.internal.metals.MetalsLanguageServer.$anonfun$indexDependencySources$2(MetalsLanguageServer.scala:2210)
	at scala.meta.internal.metals.MetalsLanguageServer.$anonfun$indexDependencySources$2$adapted(MetalsLanguageServer.scala:2209)
	at scala.collection.Iterator.foreach(Iterator.scala:943)
	at scala.collection.Iterator.foreach$(Iterator.scala:943)
	at scala.collection.AbstractIterator.foreach(Iterator.scala:1431)
	at scala.collection.IterableLike.foreach(IterableLike.scala:74)
	at scala.collection.IterableLike.foreach$(IterableLike.scala:73)
	at scala.collection.AbstractIterable.foreach(Iterable.scala:56)
	at scala.meta.internal.metals.MetalsLanguageServer.indexDependencySources(MetalsLanguageServer.scala:2209)
	at scala.meta.internal.metals.MetalsLanguageServer.$anonfun$indexWorkspace$10(MetalsLanguageServer.scala:2155)
	at scala.runtime.java8.JFunction0$mcV$sp.apply(JFunction0$mcV$sp.java:23)
	at scala.meta.internal.metals.TimerProvider.timedThunk(TimerProvider.scala:25)
	at scala.meta.internal.metals.MetalsLanguageServer.indexWorkspace(MetalsLanguageServer.scala:2155)
	at scala.meta.internal.metals.MetalsLanguageServer.$anonfun$profiledIndexWorkspace$2(MetalsLanguageServer.scala:2049)
	at scala.runtime.java8.JFunction0$mcV$sp.apply(JFunction0$mcV$sp.java:23)
	at scala.meta.internal.metals.TimerProvider.timedThunk(TimerProvider.scala:25)
	at scala.meta.internal.metals.MetalsLanguageServer.$anonfun$profiledIndexWorkspace$1(MetalsLanguageServer.scala:2049)
	at scala.runtime.java8.JFunction0$mcV$sp.apply(JFunction0$mcV$sp.java:23)
	at scala.concurrent.Future$.$anonfun$apply$1(Future.scala:659)
	at scala.util.Success.$anonfun$map$1(Try.scala:255)
	at scala.util.Success.map(Try.scala:213)
	at scala.concurrent.Future.$anonfun$map$1(Future.scala:292)
	at scala.concurrent.impl.Promise.liftedTree1$1(Promise.scala:33)
	at scala.concurrent.impl.Promise.$anonfun$transform$1(Promise.scala:33)
	at scala.concurrent.impl.CallbackRunnable.run(Promise.scala:64)
	at java.util.concurrent.ThreadPoolExecutor.runWorker(ThreadPoolExecutor.java:1128)
	at java.util.concurrent.ThreadPoolExecutor$Worker.run(ThreadPoolExecutor.java:628)
	at java.lang.Thread.run(Thread.java:834)
[0m
[0m2021.02.18 10:47:01 INFO  time: indexed workspace in 6.33s[0m
[0m2021.02.18 10:59:56 INFO  shutting down Metals[0m
[0m2021.02.18 10:59:56 INFO  Shut down connection with build server.[0m
[0m2021.02.18 10:59:56 INFO  Shut down connection with build server.[0m
[0m2021.02.18 10:59:56 INFO  Shut down connection with build server.[0m
No more data in the client stdin, exiting...
No more data in the client stdin, exiting...
No more data in the client stdin, exiting...
No more data in the server stdin, exiting...
No more data in the server stdin, exiting...
No more data in the server stdin, exiting...
No more data in the server stdin, exiting...
No more data in the server stdin, exiting...
No more data in the server stdin, exiting...
[0m2021.02.18 11:33:56 INFO  Started: Metals version 0.9.10 in workspace '/Users/billlasley/Documents/GitHub/lila-ws' for client vscode 1.53.2.[0m
[0m2021.02.18 11:33:58 INFO  time: initialize in 1.62s[0m
[0m2021.02.18 11:33:58 INFO  Attempting to connect to the build server...[0m
Starting the bsp launcher for bloop...
Opening a bsp server connection with 'bsp --protocol local --socket /var/folders/3k/kvy6ccz93zxddhpv764phbhh0000gn/T/bsp-launcher14038829629551990153/bsp.socket'...
Waiting for the bsp connection to come up...
[0m[32m[D][0m Loading workspace settings from bloop.settings.json
[0m[32m[D][0m Waiting for a connection at local:///var/folders/3k/kvy6ccz93zxddhpv764phbhh0000gn/T/bsp-launcher14038829629551990153/bsp.socket...
The server is listening for incoming connections at local:///var/folders/3k/kvy6ccz93zxddhpv764phbhh0000gn/T/bsp-launcher14038829629551990153/bsp.socket...
Starting thread that pumps stdin and redirects it to the bsp server...
Starting thread that pumps server stdout and redirects it to the client stdout...
[0m2021.02.18 11:33:58 INFO  skipping build import with status 'Requested'[0m
[0m2021.02.18 11:33:59 INFO  tracing is disabled for protocol BSP, to enable tracing of incoming and outgoing JSON messages create an empty file at /Users/billlasley/Library/Caches/org.scalameta.metals/bsp.trace.json[0m
[0m2021.02.18 11:33:59 INFO  Attempting to connect to the build server...[0m
Starting the bsp launcher for bloop...
Opening a bsp server connection with 'bsp --protocol local --socket /var/folders/3k/kvy6ccz93zxddhpv764phbhh0000gn/T/bsp-launcher9092238043791998007/bsp.socket'...
Waiting for the bsp connection to come up...
[0m2021.02.18 11:33:59 INFO  Attempting to connect to the build server...[0m
Starting the bsp launcher for bloop...
Opening a bsp server connection with 'bsp --protocol local --socket /var/folders/3k/kvy6ccz93zxddhpv764phbhh0000gn/T/bsp-launcher10581935135453210613/bsp.socket'...
Waiting for the bsp connection to come up...
[0m[32m[D][0m Loading workspace settings from bloop.settings.json
[0m[32m[D][0m Waiting for a connection at local:///var/folders/3k/kvy6ccz93zxddhpv764phbhh0000gn/T/bsp-launcher10581935135453210613/bsp.socket...
The server is listening for incoming connections at local:///var/folders/3k/kvy6ccz93zxddhpv764phbhh0000gn/T/bsp-launcher10581935135453210613/bsp.socket...
Starting thread that pumps stdin and redirects it to the bsp server...
Starting thread that pumps server stdout and redirects it to the client stdout...
[0m2021.02.18 11:33:59 INFO  tracing is disabled for protocol BSP, to enable tracing of incoming and outgoing JSON messages create an empty file at /Users/billlasley/Library/Caches/org.scalameta.metals/bsp.trace.json[0m
[0m[32m[D][0m Loading workspace settings from bloop.settings.json
[0m[32m[D][0m Waiting for a connection at local:///var/folders/3k/kvy6ccz93zxddhpv764phbhh0000gn/T/bsp-launcher9092238043791998007/bsp.socket...
The server is listening for incoming connections at local:///var/folders/3k/kvy6ccz93zxddhpv764phbhh0000gn/T/bsp-launcher9092238043791998007/bsp.socket...
Starting thread that pumps stdin and redirects it to the bsp server...
Starting thread that pumps server stdout and redirects it to the client stdout...
[0m2021.02.18 11:33:59 INFO  tracing is disabled for protocol BSP, to enable tracing of incoming and outgoing JSON messages create an empty file at /Users/billlasley/Library/Caches/org.scalameta.metals/bsp.trace.json[0m
[0m2021.02.18 11:33:59 INFO  time: connected to build server in 0.32s[0m
[0m2021.02.18 11:33:59 INFO  Connected to Build server v1.4.6-21-464e4ec4[0m
[0m2021.02.18 11:34:05 ERROR unexpected error during source scanning
java.nio.file.FileSystemNotFoundException: /Users/billlasley/Library/Caches/Coursier/v1/https/repo1.maven.org/maven2/org/reactivemongo/reactivemongo-shaded-native/1.0.1-linux-x86-64/reactivemongo-shaded-native-1.0.1-linux-x86-64-sources.jar
	at jdk.nio.zipfs.ZipFileSystem.<init>(ZipFileSystem.java:118)
	at jdk.nio.zipfs.ZipFileSystemProvider.newFileSystem(ZipFileSystemProvider.java:109)
	at java.nio.file.FileSystems.newFileSystem(FileSystems.java:337)
	at java.nio.file.FileSystems.newFileSystem(FileSystems.java:286)
	at scala.meta.internal.io.PlatformFileIO$.newFileSystem(PlatformFileIO.scala:104)
	at scala.meta.internal.io.PlatformFileIO$.newJarFileSystem(PlatformFileIO.scala:100)
	at scala.meta.internal.metals.JarTopLevels.getTopLevels(JarTopLevels.scala:34)
	at scala.meta.internal.metals.MetalsLanguageServer.$anonfun$addSourceJarSymbols$1(MetalsLanguageServer.scala:2252)
	at scala.meta.internal.mtags.OnDemandSymbolIndex.$anonfun$addSourceJarTopLevels$1(OnDemandSymbolIndex.scala:101)
	at scala.meta.internal.mtags.OnDemandSymbolIndex.tryRun(OnDemandSymbolIndex.scala:133)
	at scala.meta.internal.mtags.OnDemandSymbolIndex.addSourceJarTopLevels(OnDemandSymbolIndex.scala:100)
	at scala.meta.internal.metals.MetalsLanguageServer.addSourceJarSymbols(MetalsLanguageServer.scala:2251)
	at scala.meta.internal.metals.MetalsLanguageServer.$anonfun$indexDependencySources$5(MetalsLanguageServer.scala:2219)
	at scala.meta.internal.metals.MetalsLanguageServer.$anonfun$indexDependencySources$5$adapted(MetalsLanguageServer.scala:2210)
	at scala.collection.TraversableLike$WithFilter.$anonfun$foreach$1(TraversableLike.scala:985)
	at scala.collection.immutable.List.foreach(List.scala:431)
	at scala.collection.TraversableLike$WithFilter.foreach(TraversableLike.scala:984)
	at scala.meta.internal.metals.MetalsLanguageServer.$anonfun$indexDependencySources$2(MetalsLanguageServer.scala:2210)
	at scala.meta.internal.metals.MetalsLanguageServer.$anonfun$indexDependencySources$2$adapted(MetalsLanguageServer.scala:2209)
	at scala.collection.Iterator.foreach(Iterator.scala:943)
	at scala.collection.Iterator.foreach$(Iterator.scala:943)
	at scala.collection.AbstractIterator.foreach(Iterator.scala:1431)
	at scala.collection.IterableLike.foreach(IterableLike.scala:74)
	at scala.collection.IterableLike.foreach$(IterableLike.scala:73)
	at scala.collection.AbstractIterable.foreach(Iterable.scala:56)
	at scala.meta.internal.metals.MetalsLanguageServer.indexDependencySources(MetalsLanguageServer.scala:2209)
	at scala.meta.internal.metals.MetalsLanguageServer.$anonfun$indexWorkspace$10(MetalsLanguageServer.scala:2155)
	at scala.runtime.java8.JFunction0$mcV$sp.apply(JFunction0$mcV$sp.java:23)
	at scala.meta.internal.metals.TimerProvider.timedThunk(TimerProvider.scala:25)
	at scala.meta.internal.metals.MetalsLanguageServer.indexWorkspace(MetalsLanguageServer.scala:2155)
	at scala.meta.internal.metals.MetalsLanguageServer.$anonfun$profiledIndexWorkspace$2(MetalsLanguageServer.scala:2049)
	at scala.runtime.java8.JFunction0$mcV$sp.apply(JFunction0$mcV$sp.java:23)
	at scala.meta.internal.metals.TimerProvider.timedThunk(TimerProvider.scala:25)
	at scala.meta.internal.metals.MetalsLanguageServer.$anonfun$profiledIndexWorkspace$1(MetalsLanguageServer.scala:2049)
	at scala.runtime.java8.JFunction0$mcV$sp.apply(JFunction0$mcV$sp.java:23)
	at scala.concurrent.Future$.$anonfun$apply$1(Future.scala:659)
	at scala.util.Success.$anonfun$map$1(Try.scala:255)
	at scala.util.Success.map(Try.scala:213)
	at scala.concurrent.Future.$anonfun$map$1(Future.scala:292)
	at scala.concurrent.impl.Promise.liftedTree1$1(Promise.scala:33)
	at scala.concurrent.impl.Promise.$anonfun$transform$1(Promise.scala:33)
	at scala.concurrent.impl.CallbackRunnable.run(Promise.scala:64)
	at java.util.concurrent.ThreadPoolExecutor.runWorker(ThreadPoolExecutor.java:1128)
	at java.util.concurrent.ThreadPoolExecutor$Worker.run(ThreadPoolExecutor.java:628)
	at java.lang.Thread.run(Thread.java:834)
[0m
[0m2021.02.18 11:34:05 ERROR unexpected error during source scanning
java.nio.file.FileSystemNotFoundException: /Users/billlasley/Library/Caches/Coursier/v1/https/repo1.maven.org/maven2/io/netty/netty-codec-http/4.1.56.Final/netty-codec-http-4.1.56.Final-sources.jar
	at jdk.nio.zipfs.ZipFileSystem.<init>(ZipFileSystem.java:118)
	at jdk.nio.zipfs.ZipFileSystemProvider.newFileSystem(ZipFileSystemProvider.java:109)
	at java.nio.file.FileSystems.newFileSystem(FileSystems.java:337)
	at java.nio.file.FileSystems.newFileSystem(FileSystems.java:286)
	at scala.meta.internal.io.PlatformFileIO$.newFileSystem(PlatformFileIO.scala:104)
	at scala.meta.internal.io.PlatformFileIO$.newJarFileSystem(PlatformFileIO.scala:100)
	at scala.meta.internal.metals.JarTopLevels.getTopLevels(JarTopLevels.scala:34)
	at scala.meta.internal.metals.MetalsLanguageServer.$anonfun$addSourceJarSymbols$1(MetalsLanguageServer.scala:2252)
	at scala.meta.internal.mtags.OnDemandSymbolIndex.$anonfun$addSourceJarTopLevels$1(OnDemandSymbolIndex.scala:101)
	at scala.meta.internal.mtags.OnDemandSymbolIndex.tryRun(OnDemandSymbolIndex.scala:133)
	at scala.meta.internal.mtags.OnDemandSymbolIndex.addSourceJarTopLevels(OnDemandSymbolIndex.scala:100)
	at scala.meta.internal.metals.MetalsLanguageServer.addSourceJarSymbols(MetalsLanguageServer.scala:2251)
	at scala.meta.internal.metals.MetalsLanguageServer.$anonfun$indexDependencySources$5(MetalsLanguageServer.scala:2219)
	at scala.meta.internal.metals.MetalsLanguageServer.$anonfun$indexDependencySources$5$adapted(MetalsLanguageServer.scala:2210)
	at scala.collection.TraversableLike$WithFilter.$anonfun$foreach$1(TraversableLike.scala:985)
	at scala.collection.immutable.List.foreach(List.scala:431)
	at scala.collection.TraversableLike$WithFilter.foreach(TraversableLike.scala:984)
	at scala.meta.internal.metals.MetalsLanguageServer.$anonfun$indexDependencySources$2(MetalsLanguageServer.scala:2210)
	at scala.meta.internal.metals.MetalsLanguageServer.$anonfun$indexDependencySources$2$adapted(MetalsLanguageServer.scala:2209)
	at scala.collection.Iterator.foreach(Iterator.scala:943)
	at scala.collection.Iterator.foreach$(Iterator.scala:943)
	at scala.collection.AbstractIterator.foreach(Iterator.scala:1431)
	at scala.collection.IterableLike.foreach(IterableLike.scala:74)
	at scala.collection.IterableLike.foreach$(IterableLike.scala:73)
	at scala.collection.AbstractIterable.foreach(Iterable.scala:56)
	at scala.meta.internal.metals.MetalsLanguageServer.indexDependencySources(MetalsLanguageServer.scala:2209)
	at scala.meta.internal.metals.MetalsLanguageServer.$anonfun$indexWorkspace$10(MetalsLanguageServer.scala:2155)
	at scala.runtime.java8.JFunction0$mcV$sp.apply(JFunction0$mcV$sp.java:23)
	at scala.meta.internal.metals.TimerProvider.timedThunk(TimerProvider.scala:25)
	at scala.meta.internal.metals.MetalsLanguageServer.indexWorkspace(MetalsLanguageServer.scala:2155)
	at scala.meta.internal.metals.MetalsLanguageServer.$anonfun$profiledIndexWorkspace$2(MetalsLanguageServer.scala:2049)
	at scala.runtime.java8.JFunction0$mcV$sp.apply(JFunction0$mcV$sp.java:23)
	at scala.meta.internal.metals.TimerProvider.timedThunk(TimerProvider.scala:25)
	at scala.meta.internal.metals.MetalsLanguageServer.$anonfun$profiledIndexWorkspace$1(MetalsLanguageServer.scala:2049)
	at scala.runtime.java8.JFunction0$mcV$sp.apply(JFunction0$mcV$sp.java:23)
	at scala.concurrent.Future$.$anonfun$apply$1(Future.scala:659)
	at scala.util.Success.$anonfun$map$1(Try.scala:255)
	at scala.util.Success.map(Try.scala:213)
	at scala.concurrent.Future.$anonfun$map$1(Future.scala:292)
	at scala.concurrent.impl.Promise.liftedTree1$1(Promise.scala:33)
	at scala.concurrent.impl.Promise.$anonfun$transform$1(Promise.scala:33)
	at scala.concurrent.impl.CallbackRunnable.run(Promise.scala:64)
	at java.util.concurrent.ThreadPoolExecutor.runWorker(ThreadPoolExecutor.java:1128)
	at java.util.concurrent.ThreadPoolExecutor$Worker.run(ThreadPoolExecutor.java:628)
	at java.lang.Thread.run(Thread.java:834)
[0m
[0m2021.02.18 11:34:05 ERROR unexpected error during source scanning
java.nio.file.FileSystemNotFoundException: /Users/billlasley/Library/Caches/Coursier/v1/https/repo1.maven.org/maven2/io/netty/netty-transport-native-unix-common/4.1.56.Final/netty-transport-native-unix-common-4.1.56.Final-sources.jar
	at jdk.nio.zipfs.ZipFileSystem.<init>(ZipFileSystem.java:118)
	at jdk.nio.zipfs.ZipFileSystemProvider.newFileSystem(ZipFileSystemProvider.java:109)
	at java.nio.file.FileSystems.newFileSystem(FileSystems.java:337)
	at java.nio.file.FileSystems.newFileSystem(FileSystems.java:286)
	at scala.meta.internal.io.PlatformFileIO$.newFileSystem(PlatformFileIO.scala:104)
	at scala.meta.internal.io.PlatformFileIO$.newJarFileSystem(PlatformFileIO.scala:100)
	at scala.meta.internal.metals.JarTopLevels.getTopLevels(JarTopLevels.scala:34)
	at scala.meta.internal.metals.MetalsLanguageServer.$anonfun$addSourceJarSymbols$1(MetalsLanguageServer.scala:2252)
	at scala.meta.internal.mtags.OnDemandSymbolIndex.$anonfun$addSourceJarTopLevels$1(OnDemandSymbolIndex.scala:101)
	at scala.meta.internal.mtags.OnDemandSymbolIndex.tryRun(OnDemandSymbolIndex.scala:133)
	at scala.meta.internal.mtags.OnDemandSymbolIndex.addSourceJarTopLevels(OnDemandSymbolIndex.scala:100)
	at scala.meta.internal.metals.MetalsLanguageServer.addSourceJarSymbols(MetalsLanguageServer.scala:2251)
	at scala.meta.internal.metals.MetalsLanguageServer.$anonfun$indexDependencySources$5(MetalsLanguageServer.scala:2219)
	at scala.meta.internal.metals.MetalsLanguageServer.$anonfun$indexDependencySources$5$adapted(MetalsLanguageServer.scala:2210)
	at scala.collection.TraversableLike$WithFilter.$anonfun$foreach$1(TraversableLike.scala:985)
	at scala.collection.immutable.List.foreach(List.scala:431)
	at scala.collection.TraversableLike$WithFilter.foreach(TraversableLike.scala:984)
	at scala.meta.internal.metals.MetalsLanguageServer.$anonfun$indexDependencySources$2(MetalsLanguageServer.scala:2210)
	at scala.meta.internal.metals.MetalsLanguageServer.$anonfun$indexDependencySources$2$adapted(MetalsLanguageServer.scala:2209)
	at scala.collection.Iterator.foreach(Iterator.scala:943)
	at scala.collection.Iterator.foreach$(Iterator.scala:943)
	at scala.collection.AbstractIterator.foreach(Iterator.scala:1431)
	at scala.collection.IterableLike.foreach(IterableLike.scala:74)
	at scala.collection.IterableLike.foreach$(IterableLike.scala:73)
	at scala.collection.AbstractIterable.foreach(Iterable.scala:56)
	at scala.meta.internal.metals.MetalsLanguageServer.indexDependencySources(MetalsLanguageServer.scala:2209)
	at scala.meta.internal.metals.MetalsLanguageServer.$anonfun$indexWorkspace$10(MetalsLanguageServer.scala:2155)
	at scala.runtime.java8.JFunction0$mcV$sp.apply(JFunction0$mcV$sp.java:23)
	at scala.meta.internal.metals.TimerProvider.timedThunk(TimerProvider.scala:25)
	at scala.meta.internal.metals.MetalsLanguageServer.indexWorkspace(MetalsLanguageServer.scala:2155)
	at scala.meta.internal.metals.MetalsLanguageServer.$anonfun$profiledIndexWorkspace$2(MetalsLanguageServer.scala:2049)
	at scala.runtime.java8.JFunction0$mcV$sp.apply(JFunction0$mcV$sp.java:23)
	at scala.meta.internal.metals.TimerProvider.timedThunk(TimerProvider.scala:25)
	at scala.meta.internal.metals.MetalsLanguageServer.$anonfun$profiledIndexWorkspace$1(MetalsLanguageServer.scala:2049)
	at scala.runtime.java8.JFunction0$mcV$sp.apply(JFunction0$mcV$sp.java:23)
	at scala.concurrent.Future$.$anonfun$apply$1(Future.scala:659)
	at scala.util.Success.$anonfun$map$1(Try.scala:255)
	at scala.util.Success.map(Try.scala:213)
	at scala.concurrent.Future.$anonfun$map$1(Future.scala:292)
	at scala.concurrent.impl.Promise.liftedTree1$1(Promise.scala:33)
	at scala.concurrent.impl.Promise.$anonfun$transform$1(Promise.scala:33)
	at scala.concurrent.impl.CallbackRunnable.run(Promise.scala:64)
	at java.util.concurrent.ThreadPoolExecutor.runWorker(ThreadPoolExecutor.java:1128)
	at java.util.concurrent.ThreadPoolExecutor$Worker.run(ThreadPoolExecutor.java:628)
	at java.lang.Thread.run(Thread.java:834)
[0m
[0m2021.02.18 11:34:05 INFO  time: indexed workspace in 5.81s[0m
[0m2021.02.18 11:39:39 INFO  shutting down Metals[0m
[0m2021.02.18 11:39:39 INFO  Shut down connection with build server.[0m
[0m2021.02.18 11:39:39 INFO  Shut down connection with build server.[0m
[0m2021.02.18 11:39:39 INFO  Shut down connection with build server.[0m
No more data in the client stdin, exiting...
No more data in the client stdin, exiting...
No more data in the server stdin, exiting...
No more data in the server stdin, exiting...
No more data in the client stdin, exiting...
No more data in the server stdin, exiting...
No more data in the server stdin, exiting...
No more data in the server stdin, exiting...
No more data in the server stdin, exiting...
